{"/home/woke/projects/courses/code-301/code-301-exam-front-end-ekowyawson/src/App.jsx": {"path":"/home/woke/projects/courses/code-301/code-301-exam-front-end-ekowyawson/src/App.jsx","statementMap":{"0":{"start":{"line":8,"column":19},"end":{"line":8,"column":47}},"1":{"start":{"line":11,"column":28},"end":{"line":11,"column":40}},"2":{"start":{"line":14,"column":19},"end":{"line":21,"column":8}},"3":{"start":{"line":15,"column":4},"end":{"line":20,"column":5}},"4":{"start":{"line":16,"column":23},"end":{"line":16,"column":61}},"5":{"start":{"line":17,"column":6},"end":{"line":17,"column":30}},"6":{"start":{"line":19,"column":6},"end":{"line":19,"column":52}},"7":{"start":{"line":23,"column":2},"end":{"line":25,"column":17}},"8":{"start":{"line":24,"column":4},"end":{"line":24,"column":15}},"9":{"start":{"line":28,"column":18},"end":{"line":35,"column":3}},"10":{"start":{"line":29,"column":4},"end":{"line":34,"column":5}},"11":{"start":{"line":30,"column":6},"end":{"line":30,"column":52}},"12":{"start":{"line":31,"column":6},"end":{"line":31,"column":17}},"13":{"start":{"line":33,"column":6},"end":{"line":33,"column":49}},"14":{"start":{"line":38,"column":21},"end":{"line":45,"column":3}},"15":{"start":{"line":39,"column":4},"end":{"line":44,"column":5}},"16":{"start":{"line":40,"column":6},"end":{"line":40,"column":58}},"17":{"start":{"line":41,"column":6},"end":{"line":41,"column":17}},"18":{"start":{"line":43,"column":6},"end":{"line":43,"column":51}},"19":{"start":{"line":47,"column":2},"end":{"line":66,"column":4}}},"fnMap":{"0":{"name":"App","decl":{"start":{"line":10,"column":9},"end":{"line":10,"column":12}},"loc":{"start":{"line":10,"column":15},"end":{"line":67,"column":1}},"line":10},"1":{"name":"(anonymous_1)","decl":{"start":{"line":14,"column":31},"end":{"line":14,"column":32}},"loc":{"start":{"line":14,"column":43},"end":{"line":21,"column":3}},"line":14},"2":{"name":"(anonymous_2)","decl":{"start":{"line":23,"column":12},"end":{"line":23,"column":13}},"loc":{"start":{"line":23,"column":18},"end":{"line":25,"column":3}},"line":23},"3":{"name":"(anonymous_3)","decl":{"start":{"line":28,"column":18},"end":{"line":28,"column":19}},"loc":{"start":{"line":28,"column":34},"end":{"line":35,"column":3}},"line":28},"4":{"name":"(anonymous_4)","decl":{"start":{"line":38,"column":21},"end":{"line":38,"column":22}},"loc":{"start":{"line":38,"column":39},"end":{"line":45,"column":3}},"line":38}},"branchMap":{},"s":{"0":1,"1":5,"2":5,"3":5,"4":5,"5":5,"6":0,"7":5,"8":2,"9":5,"10":2,"11":2,"12":2,"13":0,"14":5,"15":1,"16":1,"17":1,"18":0,"19":5},"f":{"0":5,"1":5,"2":2,"3":2,"4":1},"b":{},"_coverageSchema":"1a1c01bbd47fc00a2c39e90264f33305004495a9","hash":"335f7008af0a04340f31ad78adae949f1f6d2de4"}
,"/home/woke/projects/courses/code-301/code-301-exam-front-end-ekowyawson/src/components/AddItem.jsx": {"path":"/home/woke/projects/courses/code-301/code-301-exam-front-end-ekowyawson/src/components/AddItem.jsx","statementMap":{"0":{"start":{"line":7,"column":34},"end":{"line":7,"column":73}},"1":{"start":{"line":10,"column":28},"end":{"line":10,"column":40}},"2":{"start":{"line":11,"column":4},"end":{"line":13,"column":7}},"3":{"start":{"line":12,"column":6},"end":{"line":12,"column":40}},"4":{"start":{"line":17,"column":4},"end":{"line":17,"column":27}},"5":{"start":{"line":18,"column":4},"end":{"line":18,"column":28}},"6":{"start":{"line":19,"column":4},"end":{"line":19,"column":47}},"7":{"start":{"line":22,"column":2},"end":{"line":53,"column":4}}},"fnMap":{"0":{"name":"AddItem","decl":{"start":{"line":5,"column":9},"end":{"line":5,"column":16}},"loc":{"start":{"line":5,"column":36},"end":{"line":54,"column":1}},"line":5},"1":{"name":"handleChange","decl":{"start":{"line":9,"column":11},"end":{"line":9,"column":23}},"loc":{"start":{"line":9,"column":31},"end":{"line":14,"column":3}},"line":9},"2":{"name":"(anonymous_2)","decl":{"start":{"line":11,"column":16},"end":{"line":11,"column":17}},"loc":{"start":{"line":12,"column":6},"end":{"line":12,"column":40}},"line":12},"3":{"name":"handleSubmit","decl":{"start":{"line":16,"column":11},"end":{"line":16,"column":23}},"loc":{"start":{"line":16,"column":31},"end":{"line":20,"column":3}},"line":16}},"branchMap":{},"s":{"0":11,"1":4,"2":4,"3":4,"4":2,"5":2,"6":2,"7":11},"f":{"0":11,"1":4,"2":4,"3":2},"b":{},"_coverageSchema":"1a1c01bbd47fc00a2c39e90264f33305004495a9","hash":"9cf8e0ce5a5f2a5eeb0294b4572185816090aebf"}
,"/home/woke/projects/courses/code-301/code-301-exam-front-end-ekowyawson/src/components/Item.jsx": {"path":"/home/woke/projects/courses/code-301/code-301-exam-front-end-ekowyawson/src/components/Item.jsx","statementMap":{"0":{"start":{"line":7,"column":23},"end":{"line":9,"column":7}},"1":{"start":{"line":8,"column":8},"end":{"line":8,"column":35}},"2":{"start":{"line":11,"column":2},"end":{"line":23,"column":4}}},"fnMap":{"0":{"name":"Item","decl":{"start":{"line":5,"column":9},"end":{"line":5,"column":13}},"loc":{"start":{"line":5,"column":42},"end":{"line":24,"column":1}},"line":5},"1":{"name":"(anonymous_1)","decl":{"start":{"line":7,"column":23},"end":{"line":7,"column":24}},"loc":{"start":{"line":7,"column":29},"end":{"line":9,"column":7}},"line":7}},"branchMap":{},"s":{"0":4,"1":1,"2":4},"f":{"0":4,"1":1},"b":{},"_coverageSchema":"1a1c01bbd47fc00a2c39e90264f33305004495a9","hash":"b8ebc2c370c30aa6b8e7193b151f44ea42f82df8"}
,"/home/woke/projects/courses/code-301/code-301-exam-front-end-ekowyawson/src/components/Items.jsx": {"path":"/home/woke/projects/courses/code-301/code-301-exam-front-end-ekowyawson/src/components/Items.jsx","statementMap":{"0":{"start":{"line":8,"column":2},"end":{"line":30,"column":4}},"1":{"start":{"line":21,"column":12},"end":{"line":25,"column":14}}},"fnMap":{"0":{"name":"Items","decl":{"start":{"line":6,"column":9},"end":{"line":6,"column":14}},"loc":{"start":{"line":6,"column":44},"end":{"line":31,"column":1}},"line":6},"1":{"name":"(anonymous_1)","decl":{"start":{"line":20,"column":25},"end":{"line":20,"column":26}},"loc":{"start":{"line":21,"column":12},"end":{"line":25,"column":14}},"line":21}},"branchMap":{},"s":{"0":5,"1":4},"f":{"0":5,"1":4},"b":{},"_coverageSchema":"1a1c01bbd47fc00a2c39e90264f33305004495a9","hash":"f79e53835670b4ccea3ed36c9e35e87840e53b7b"}
}
