TN:
SF:src/App.jsx
FN:11,App
FN:17,(anonymous_1)
FN:27,(anonymous_2)
FN:32,(anonymous_3)
FN:42,(anonymous_4)
FNF:5
FNH:5
FNDA:5,App
FNDA:5,(anonymous_1)
FNDA:2,(anonymous_2)
FNDA:2,(anonymous_3)
FNDA:1,(anonymous_4)
DA:9,1
DA:13,5
DA:17,5
DA:18,5
DA:19,5
DA:20,5
DA:22,0
DA:27,5
DA:28,2
DA:32,5
DA:33,2
DA:34,2
DA:35,2
DA:37,0
DA:42,5
DA:43,1
DA:44,1
DA:45,1
DA:47,0
DA:51,5
LF:20
LH:17
BRF:0
BRH:0
end_of_record
TN:
SF:src/components/AddItem.jsx
FN:5,AddItem
FN:9,handleChange
FN:12,(anonymous_2)
FN:21,handleSubmit
FNF:4
FNH:4
FNDA:11,AddItem
FNDA:4,handleChange
FNDA:4,(anonymous_2)
FNDA:2,handleSubmit
DA:6,11
DA:11,4
DA:12,4
DA:13,4
DA:16,4
DA:22,2
DA:23,2
DA:25,2
DA:28,11
LF:9
LH:9
BRF:0
BRH:0
end_of_record
TN:
SF:src/components/Item.jsx
FN:5,Item
FN:9,(anonymous_1)
FNF:2
FNH:2
FNDA:4,Item
FNDA:1,(anonymous_1)
DA:9,4
DA:10,1
DA:13,4
LF:3
LH:3
BRF:0
BRH:0
end_of_record
TN:
SF:src/components/Items.jsx
FN:6,Items
FN:15,(anonymous_1)
FNF:2
FNH:2
FNDA:5,Items
FNDA:4,(anonymous_1)
DA:8,5
DA:16,4
LF:2
LH:2
BRF:0
BRH:0
end_of_record
