TN:
SF:src/App.jsx
FN:10,App
FN:14,(anonymous_1)
FN:23,(anonymous_2)
FN:28,(anonymous_3)
FN:38,(anonymous_4)
FNF:5
FNH:5
FNDA:5,App
FNDA:5,(anonymous_1)
FNDA:2,(anonymous_2)
FNDA:2,(anonymous_3)
FNDA:1,(anonymous_4)
DA:8,1
DA:11,5
DA:14,5
DA:15,5
DA:16,5
DA:17,5
DA:19,0
DA:23,5
DA:24,2
DA:28,5
DA:29,2
DA:30,2
DA:31,2
DA:33,0
DA:38,5
DA:39,1
DA:40,1
DA:41,1
DA:43,0
DA:47,5
LF:20
LH:17
BRF:0
BRH:0
end_of_record
TN:
SF:src/components/AddItem.jsx
FN:5,AddItem
FN:9,handleChange
FN:11,(anonymous_2)
FN:16,handleSubmit
FNF:4
FNH:4
FNDA:11,AddItem
FNDA:4,handleChange
FNDA:4,(anonymous_2)
FNDA:2,handleSubmit
DA:7,11
DA:10,4
DA:11,4
DA:12,4
DA:17,2
DA:18,2
DA:19,2
DA:22,11
LF:8
LH:8
BRF:0
BRH:0
end_of_record
TN:
SF:src/components/Item.jsx
FN:5,Item
FN:7,(anonymous_1)
FNF:2
FNH:2
FNDA:4,Item
FNDA:1,(anonymous_1)
DA:7,4
DA:8,1
DA:11,4
LF:3
LH:3
BRF:0
BRH:0
end_of_record
TN:
SF:src/components/Items.jsx
FN:6,Items
FN:20,(anonymous_1)
FNF:2
FNH:2
FNDA:5,Items
FNDA:4,(anonymous_1)
DA:8,5
DA:21,4
LF:2
LH:2
BRF:0
BRH:0
end_of_record
